This file contains any messages produced by compilers while
running configure, to aid debugging if configure makes a mistake.

It was created by configure, which was
generated by GNU Autoconf 2.69.  Invocation command line was

  $ ./configure 

## --------- ##
## Platform. ##
## --------- ##

hostname = Bobby
uname -m = i686
uname -r = 1.0.18(0.48/3/2)
uname -s = MINGW32_NT-6.2
uname -v = 2012-11-21 22:34

/usr/bin/uname -p = unknown
/bin/uname -X     = unknown

/bin/arch              = unknown
/usr/bin/arch -k       = unknown
/usr/convex/getsysinfo = unknown
/usr/bin/hostinfo      = unknown
/bin/machine           = unknown
/usr/bin/oslevel       = unknown
/bin/universe          = unknown

PATH: .
PATH: /usr/local/bin
PATH: /mingw/bin
PATH: /bin
PATH: /c/Program Files (x86)/NVIDIA Corporation/PhysX/Common
PATH: /c/ProgramData/Oracle/Java/javapath
PATH: /c/Program Files (x86)/Intel/iCLS Client/
PATH: /c/Program Files/Intel/iCLS Client/
PATH: /c/WINDOWS/system32
PATH: /c/WINDOWS
PATH: /c/WINDOWS/System32/Wbem
PATH: /c/WINDOWS/System32/WindowsPowerShell/v1.0/
PATH: /c/Program Files (x86)/Intel/OpenCL SDK/3.0/bin/x86
PATH: /c/Program Files (x86)/Intel/OpenCL SDK/3.0/bin/x64
PATH: /c/Program Files/Intel/Intel(R) Management Engine Components/DAL
PATH: /c/Program Files/Intel/Intel(R) Management Engine Components/IPT
PATH: /c/Program Files (x86)/Intel/Intel(R) Management Engine Components/DAL
PATH: /c/Program Files (x86)/Intel/Intel(R) Management Engine Components/IPT
PATH: /c/Python27
PATH: /c/Program Files/nodejs/
PATH: /c/Program Files (x86)/Git/cmd
PATH: /c/Program Files (x86)/Heroku/bin
PATH: /c/Program Files (x86)/git/cmd
PATH: /c/Go/bin
PATH: /c/HaxeToolkit/haxe/
PATH: /c/HaxeToolkit/neko
PATH: /c/Program Files (x86)/MiKTeX 2.9/miktex/bin/
PATH: /c/Program Files/Intel/WiFi/bin/
PATH: /c/Program Files/Common Files/Intel/WirelessCommon/
PATH: /c/Program Files (x86)/Windows Live/Shared
PATH: /c/Program Files (x86)/scala/bin
PATH: /c/Program Files (x86)/Skype/Phone/
PATH: /c/WINDOWS/system32
PATH: /c/WINDOWS
PATH: /c/WINDOWS/System32/Wbem
PATH: /c/WINDOWS/System32/WindowsPowerShell/v1.0/
PATH: /c/HaxeToolkit/haxe/
PATH: /c/HaxeToolkit/neko
PATH: /c/Program Files/Java/jdk1.8.0_20/bin
PATH: /c/Users/Bobby/AppData/Roaming/npm
PATH: /c/Program Files (x86)/Heroku/ruby-1.9.3/bin
PATH: /c/Users/Bobby/OneDrive/Documents/go/bin
PATH: /c/Users/Bobby/Downloads/android-ndk-r10c
PATH: /c/apache-ant-1.9.4/bin
PATH: /c/Python27/Scripts
PATH: /c/Program Files/Intel/WiFi/bin/
PATH: /c/Program Files/Common Files/Intel/WirelessCommon/
PATH: /c/Program Files (x86)/scala/bin
PATH: /c/Program Files/Rust stable 1.1/bin
PATH: /c/MinGW/bin


## ----------- ##
## Core tests. ##
## ----------- ##

configure:2563: checking build system type
configure:2577: result: i686-pc-mingw32
configure:2597: checking host system type
configure:2610: result: i686-pc-mingw32
configure:2630: checking target system type
configure:2643: result: i686-pc-mingw32
configure:2837: checking for gcc
configure:2853: found /c/MinGW/bin/gcc
configure:2864: result: gcc
configure:3093: checking for C compiler version
configure:3102: gcc --version >&5
gcc.exe (GCC) 4.8.1
Copyright (C) 2013 Free Software Foundation, Inc.
This is free software; see the source for copying conditions.  There is NO
warranty; not even for MERCHANTABILITY or FITNESS FOR A PARTICULAR PURPOSE.

configure:3113: $? = 0
configure:3102: gcc -v >&5
Using built-in specs.
COLLECT_GCC=c:\MinGW\bin\gcc.exe
COLLECT_LTO_WRAPPER=c:/mingw/bin/../libexec/gcc/mingw32/4.8.1/lto-wrapper.exe
Target: mingw32
Configured with: ../gcc-4.8.1/configure --prefix=/mingw --host=mingw32 --build=mingw32 --without-pic --enable-shared --enable-static --with-gnu-ld --enable-lto --enable-libssp --disable-multilib --enable-languages=c,c++,fortran,objc,obj-c++,ada --disable-sjlj-exceptions --with-dwarf2 --disable-win32-registry --enable-libstdcxx-debug --enable-version-specific-runtime-libs --with-gmp=/usr/src/pkg/gmp-5.1.2-1-mingw32-src/bld --with-mpc=/usr/src/pkg/mpc-1.0.1-1-mingw32-src/bld --with-mpfr= --with-system-zlib --with-gnu-as --enable-decimal-float=yes --enable-libgomp --enable-threads --with-libiconv-prefix=/mingw32 --with-libintl-prefix=/mingw --disable-bootstrap LDFLAGS=-s CFLAGS=-D_USE_32BIT_TIME_T
Thread model: win32
gcc version 4.8.1 (GCC) 
configure:3113: $? = 0
configure:3102: gcc -V >&5
gcc.exe: error: unrecognized command line option '-V'
gcc.exe: fatal error: no input files
compilation terminated.
configure:3113: $? = 1
configure:3102: gcc -qversion >&5
gcc.exe: error: unrecognized command line option '-qversion'
gcc.exe: fatal error: no input files
compilation terminated.
configure:3113: $? = 1
configure:3133: checking whether the C compiler works
configure:3155: gcc    conftest.c  >&5
configure:3159: $? = 0
configure:3207: result: yes
configure:3210: checking for C compiler default output file name
configure:3212: result: a.exe
configure:3218: checking for suffix of executables
configure:3225: gcc -o conftest.exe    conftest.c  >&5
configure:3229: $? = 0
configure:3251: result: .exe
configure:3273: checking whether we are cross compiling
configure:3281: gcc -o conftest.exe    conftest.c  >&5
configure:3285: $? = 0
configure:3292: ./conftest.exe
configure:3296: $? = 0
configure:3311: result: no
configure:3316: checking for suffix of object files
configure:3338: gcc -c   conftest.c >&5
configure:3342: $? = 0
configure:3363: result: o
configure:3367: checking whether we are using the GNU C compiler
configure:3386: gcc -c   conftest.c >&5
configure:3386: $? = 0
configure:3395: result: yes
configure:3404: checking whether gcc accepts -g
configure:3424: gcc -c -g  conftest.c >&5
configure:3424: $? = 0
configure:3465: result: yes
configure:3482: checking for gcc option to accept ISO C89
configure:3545: gcc  -c -g -O2  conftest.c >&5
configure:3545: $? = 0
configure:3558: result: none needed
configure:3884: checking for as
configure:3900: found /c/MinGW/bin/as
configure:3911: result: as
configure:3976: checking for dlltool
configure:3992: found /c/MinGW/bin/dlltool
configure:4003: result: dlltool
configure:4068: checking for objdump
configure:4084: found /c/MinGW/bin/objdump
configure:4095: result: objdump
configure:4186: checking how to print strings
configure:4213: result: printf
configure:4234: checking for a sed that does not truncate output
configure:4298: result: /bin/sed
configure:4316: checking for grep that handles long lines and -e
configure:4374: result: /bin/grep
configure:4379: checking for egrep
configure:4441: result: /bin/grep -E
configure:4446: checking for fgrep
configure:4508: result: /bin/grep -F
configure:4543: checking for ld used by gcc
configure:4610: result: c:/mingw/mingw32/bin/ld.exe
configure:4617: checking if the linker (c:/mingw/mingw32/bin/ld.exe) is GNU ld
configure:4632: result: yes
configure:4644: checking for BSD- or MS-compatible name lister (nm)
configure:4693: result: /c/MinGW/bin/nm
configure:4823: checking the name lister (/c/MinGW/bin/nm) interface
configure:4830: gcc -c -g -O2  conftest.c >&5
configure:4833: /c/MinGW/bin/nm "conftest.o"
configure:4836: output
00000000 b .bss
00000000 d .data
00000000 N .debug_abbrev
00000000 N .debug_aranges
00000000 N .debug_info
00000000 N .debug_line
00000000 r .rdata$zzz
00000000 t .text
00000000 B _some_variable
configure:4843: result: BSD nm
configure:4846: checking whether ln -s works
configure:4853: result: no, using cp -pR
configure:4858: checking the maximum length of command line arguments
configure:4983: result: 8192
configure:5000: checking whether the shell understands some XSI constructs
configure:5010: result: yes
configure:5014: checking whether the shell understands "+="
configure:5020: result: yes
configure:5055: checking how to convert i686-pc-mingw32 file names to i686-pc-mingw32 format
configure:5095: result: func_convert_file_msys_to_w32
configure:5102: checking how to convert i686-pc-mingw32 file names to toolchain format
configure:5122: result: func_convert_file_msys_to_w32
configure:5129: checking for c:/mingw/mingw32/bin/ld.exe option to reload object files
configure:5136: result: -r
configure:5210: checking for objdump
configure:5237: result: objdump
configure:5266: checking how to recognize dependent libraries
configure:5468: result: file_magic ^x86 archive import|^x86 DLL
configure:5553: checking for dlltool
configure:5580: result: dlltool
configure:5610: checking how to associate runtime and link libraries
configure:5637: result: func_cygming_dll_for_implib
configure:5698: checking for ar
configure:5714: found /c/MinGW/bin/ar
configure:5725: result: ar
configure:5762: checking for archiver @FILE support
configure:5779: gcc -c -g -O2  conftest.c >&5
configure:5779: $? = 0
configure:5782: ar cru libconftest.a @conftest.lst >&5
configure:5785: $? = 0
configure:5790: ar cru libconftest.a @conftest.lst >&5
c:\MinGW\bin\ar.exe: conftest.o: No such file or directory
configure:5793: $? = 1
configure:5805: result: @
configure:5863: checking for strip
configure:5879: found /c/MinGW/bin/strip
configure:5890: result: strip
configure:5962: checking for ranlib
configure:5978: found /c/MinGW/bin/ranlib
configure:5989: result: ranlib
configure:6066: checking for gawk
configure:6082: found /bin/gawk
configure:6093: result: gawk
configure:6133: checking command to parse /c/MinGW/bin/nm output from gcc object
configure:6252: gcc -c -g -O2  conftest.c >&5
configure:6255: $? = 0
configure:6259: /c/MinGW/bin/nm conftest.o \| sed -n -e 's/^.*[ ]\([ABCDGIRSTW][ABCDGIRSTW]*\)[ ][ ]*\([_A-Za-z][_A-Za-z0-9]*\)\{0,1\}$/\1 \2 \2/p' | sed '/ __gnu_lto/d' \> conftest.nm
configure:6262: $? = 0
cannot find nm_test_var in conftest.nm
configure:6252: gcc -c -g -O2  conftest.c >&5
configure:6255: $? = 0
configure:6259: /c/MinGW/bin/nm conftest.o \| sed -n -e 's/^.*[ ]\([ABCDGIRSTW][ABCDGIRSTW]*\)[ ][ ]*_\([_A-Za-z][_A-Za-z0-9]*\)\{0,1\}$/\1 _\2 \2/p' | sed '/ __gnu_lto/d' \> conftest.nm
configure:6262: $? = 0
configure:6328: gcc -o conftest.exe -g -O2   conftest.c conftstm.o >&5
configure:6331: $? = 0
configure:6369: result: ok
configure:6406: checking for sysroot
configure:6436: result: no
configure:6679: checking for mt
configure:6709: result: no
configure:6729: checking if : is a manifest tool
configure:6735: : '-?'
configure:6743: result: no
configure:7375: checking how to run the C preprocessor
configure:7406: gcc -E  conftest.c
configure:7406: $? = 0
configure:7420: gcc -E  conftest.c
conftest.c:9:28: fatal error: ac_nonexistent.h: No such file or directory
 #include <ac_nonexistent.h>
                            ^
compilation terminated.
configure:7420: $? = 1
configure: failed program was:
| /* confdefs.h */
| #define PACKAGE_NAME ""
| #define PACKAGE_TARNAME ""
| #define PACKAGE_VERSION ""
| #define PACKAGE_STRING ""
| #define PACKAGE_BUGREPORT ""
| #define PACKAGE_URL ""
| /* end confdefs.h.  */
| #include <ac_nonexistent.h>
configure:7445: result: gcc -E
configure:7465: gcc -E  conftest.c
configure:7465: $? = 0
configure:7479: gcc -E  conftest.c
conftest.c:9:28: fatal error: ac_nonexistent.h: No such file or directory
 #include <ac_nonexistent.h>
                            ^
compilation terminated.
configure:7479: $? = 1
configure: failed program was:
| /* confdefs.h */
| #define PACKAGE_NAME ""
| #define PACKAGE_TARNAME ""
| #define PACKAGE_VERSION ""
| #define PACKAGE_STRING ""
| #define PACKAGE_BUGREPORT ""
| #define PACKAGE_URL ""
| /* end confdefs.h.  */
| #include <ac_nonexistent.h>
configure:7508: checking for ANSI C header files
configure:7528: gcc -c -g -O2  conftest.c >&5
configure:7528: $? = 0
configure:7601: gcc -o conftest.exe -g -O2   conftest.c  >&5
configure:7601: $? = 0
configure:7601: ./conftest.exe
configure:7601: $? = 0
configure:7612: result: yes
configure:7625: checking for sys/types.h
configure:7625: gcc -c -g -O2  conftest.c >&5
configure:7625: $? = 0
configure:7625: result: yes
configure:7625: checking for sys/stat.h
configure:7625: gcc -c -g -O2  conftest.c >&5
configure:7625: $? = 0
configure:7625: result: yes
configure:7625: checking for stdlib.h
configure:7625: gcc -c -g -O2  conftest.c >&5
configure:7625: $? = 0
configure:7625: result: yes
configure:7625: checking for string.h
configure:7625: gcc -c -g -O2  conftest.c >&5
configure:7625: $? = 0
configure:7625: result: yes
configure:7625: checking for memory.h
configure:7625: gcc -c -g -O2  conftest.c >&5
configure:7625: $? = 0
configure:7625: result: yes
configure:7625: checking for strings.h
configure:7625: gcc -c -g -O2  conftest.c >&5
configure:7625: $? = 0
configure:7625: result: yes
configure:7625: checking for inttypes.h
configure:7625: gcc -c -g -O2  conftest.c >&5
configure:7625: $? = 0
configure:7625: result: yes
configure:7625: checking for stdint.h
configure:7625: gcc -c -g -O2  conftest.c >&5
configure:7625: $? = 0
configure:7625: result: yes
configure:7625: checking for unistd.h
configure:7625: gcc -c -g -O2  conftest.c >&5
configure:7625: $? = 0
configure:7625: result: yes
configure:7639: checking for dlfcn.h
configure:7639: gcc -c -g -O2  conftest.c >&5
configure:7639: $? = 0
configure:7639: result: yes
configure:7835: checking for objdir
configure:7850: result: .libs
configure:8117: checking if gcc supports -fno-rtti -fno-exceptions
configure:8135: gcc -c -g -O2  -fno-rtti -fno-exceptions conftest.c >&5
cc1.exe: warning: command line option '-fno-rtti' is valid for C++/ObjC++ but not for C [enabled by default]
configure:8139: $? = 0
configure:8152: result: no
configure:8462: checking for gcc option to produce PIC
configure:8469: result: -DDLL_EXPORT -DPIC
configure:8477: checking if gcc PIC flag -DDLL_EXPORT -DPIC works
configure:8495: gcc -c -g -O2  -DDLL_EXPORT -DPIC -DPIC conftest.c >&5
configure:8499: $? = 0
configure:8512: result: yes
configure:8541: checking if gcc static flag -static works
configure:8569: result: yes
configure:8584: checking if gcc supports -c -o file.o
configure:8605: gcc -c -g -O2  -o out/conftest2.o conftest.c >&5
configure:8609: $? = 0
configure:8631: result: yes
configure:8639: checking if gcc supports -c -o file.o
configure:8686: result: yes
configure:8719: checking whether the gcc linker (c:/mingw/mingw32/bin/ld.exe) supports shared libraries
configure:9881: result: yes
configure:9918: checking whether -lc should be explicitly linked in
configure:9926: gcc -c -g -O2  conftest.c >&5
configure:9929: $? = 0
configure:9944: gcc -shared conftest.o  -v -o ./conftest -Wl,--enable-auto-image-base -Xlinker --out-implib -Xlinker conftest 2\>\&1 \| /bin/grep  -lc  \>/dev/null 2\>\&1
configure:9947: $? = 1
configure:9961: result: yes
configure:10126: checking dynamic linker characteristics
configure:10875: result: Win32 ld.exe
configure:10982: checking how to hardcode library paths into programs
configure:11007: result: immediate
configure:11547: checking whether stripping libraries is possible
configure:11552: result: yes
configure:11587: checking if libtool supports shared libraries
configure:11589: result: yes
configure:11592: checking whether to build shared libraries
configure:11613: result: yes
configure:11616: checking whether to build static libraries
configure:11620: result: yes
configure:14875: checking for a BSD-compatible install
configure:14943: result: /bin/install -c
configure:14954: checking whether ln -s works
configure:14961: result: no, using cp -pR
configure:14967: checking for ar
configure:14985: found /c/MinGW/bin/ar
configure:14998: result: /c/MinGW/bin/ar
configure:15010: checking whether byte ordering is bigendian
configure:15025: gcc -c -g -O2  conftest.c >&5
conftest.c:22:9: error: unknown type name 'not'
         not a universal capable compiler
         ^
conftest.c:22:15: error: expected '=', ',', ';', 'asm' or '__attribute__' before 'universal'
         not a universal capable compiler
               ^
conftest.c:22:15: error: unknown type name 'universal'
configure:15025: $? = 1
configure: failed program was:
| /* confdefs.h */
| #define PACKAGE_NAME ""
| #define PACKAGE_TARNAME ""
| #define PACKAGE_VERSION ""
| #define PACKAGE_STRING ""
| #define PACKAGE_BUGREPORT ""
| #define PACKAGE_URL ""
| #define STDC_HEADERS 1
| #define HAVE_SYS_TYPES_H 1
| #define HAVE_SYS_STAT_H 1
| #define HAVE_STDLIB_H 1
| #define HAVE_STRING_H 1
| #define HAVE_MEMORY_H 1
| #define HAVE_STRINGS_H 1
| #define HAVE_INTTYPES_H 1
| #define HAVE_STDINT_H 1
| #define HAVE_UNISTD_H 1
| #define HAVE_DLFCN_H 1
| #define LT_OBJDIR ".libs/"
| /* end confdefs.h.  */
| #ifndef __APPLE_CC__
| 	       not a universal capable compiler
| 	     #endif
| 	     typedef int dummy;
| 
configure:15070: gcc -c -g -O2  conftest.c >&5
configure:15070: $? = 0
configure:15088: gcc -c -g -O2  conftest.c >&5
conftest.c: In function 'main':
conftest.c:28:4: error: unknown type name 'not'
    not big endian
    ^
conftest.c:28:12: error: expected '=', ',', ';', 'asm' or '__attribute__' before 'endian'
    not big endian
            ^
configure:15088: $? = 1
configure: failed program was:
| /* confdefs.h */
| #define PACKAGE_NAME ""
| #define PACKAGE_TARNAME ""
| #define PACKAGE_VERSION ""
| #define PACKAGE_STRING ""
| #define PACKAGE_BUGREPORT ""
| #define PACKAGE_URL ""
| #define STDC_HEADERS 1
| #define HAVE_SYS_TYPES_H 1
| #define HAVE_SYS_STAT_H 1
| #define HAVE_STDLIB_H 1
| #define HAVE_STRING_H 1
| #define HAVE_MEMORY_H 1
| #define HAVE_STRINGS_H 1
| #define HAVE_INTTYPES_H 1
| #define HAVE_STDINT_H 1
| #define HAVE_UNISTD_H 1
| #define HAVE_DLFCN_H 1
| #define LT_OBJDIR ".libs/"
| /* end confdefs.h.  */
| #include <sys/types.h>
| 		#include <sys/param.h>
| 
| int
| main ()
| {
| #if BYTE_ORDER != BIG_ENDIAN
| 		 not big endian
| 		#endif
| 
|   ;
|   return 0;
| }
configure:15216: result: no
configure:15238: checking for snd_pcm_open in -lasound
configure:15263: gcc -o conftest.exe -g -O2   conftest.c -lasound   >&5
c:/mingw/bin/../lib/gcc/mingw32/4.8.1/../../../../mingw32/bin/ld.exe: cannot find -lasound
collect2.exe: error: ld returned 1 exit status
configure:15263: $? = 1
configure: failed program was:
| /* confdefs.h */
| #define PACKAGE_NAME ""
| #define PACKAGE_TARNAME ""
| #define PACKAGE_VERSION ""
| #define PACKAGE_STRING ""
| #define PACKAGE_BUGREPORT ""
| #define PACKAGE_URL ""
| #define STDC_HEADERS 1
| #define HAVE_SYS_TYPES_H 1
| #define HAVE_SYS_STAT_H 1
| #define HAVE_STDLIB_H 1
| #define HAVE_STRING_H 1
| #define HAVE_MEMORY_H 1
| #define HAVE_STRINGS_H 1
| #define HAVE_INTTYPES_H 1
| #define HAVE_STDINT_H 1
| #define HAVE_UNISTD_H 1
| #define HAVE_DLFCN_H 1
| #define LT_OBJDIR ".libs/"
| /* end confdefs.h.  */
| 
| /* Override any GCC internal prototype to avoid an error.
|    Use char because int might match the return type of a GCC
|    builtin and then its argument prototype would still apply.  */
| #ifdef __cplusplus
| extern "C"
| #endif
| char snd_pcm_open ();
| int
| main ()
| {
| return snd_pcm_open ();
|   ;
|   return 0;
| }
configure:15272: result: no
configure:15283: checking for HPI_SubSysCreate in -lhpi
configure:15308: gcc -o conftest.exe -g -O2   conftest.c -lhpi -lm  >&5
c:/mingw/bin/../lib/gcc/mingw32/4.8.1/../../../../mingw32/bin/ld.exe: cannot find -lhpi
collect2.exe: error: ld returned 1 exit status
configure:15308: $? = 1
configure: failed program was:
| /* confdefs.h */
| #define PACKAGE_NAME ""
| #define PACKAGE_TARNAME ""
| #define PACKAGE_VERSION ""
| #define PACKAGE_STRING ""
| #define PACKAGE_BUGREPORT ""
| #define PACKAGE_URL ""
| #define STDC_HEADERS 1
| #define HAVE_SYS_TYPES_H 1
| #define HAVE_SYS_STAT_H 1
| #define HAVE_STDLIB_H 1
| #define HAVE_STRING_H 1
| #define HAVE_MEMORY_H 1
| #define HAVE_STRINGS_H 1
| #define HAVE_INTTYPES_H 1
| #define HAVE_STDINT_H 1
| #define HAVE_UNISTD_H 1
| #define HAVE_DLFCN_H 1
| #define LT_OBJDIR ".libs/"
| /* end confdefs.h.  */
| 
| /* Override any GCC internal prototype to avoid an error.
|    Use char because int might match the return type of a GCC
|    builtin and then its argument prototype would still apply.  */
| #ifdef __cplusplus
| extern "C"
| #endif
| char HPI_SubSysCreate ();
| int
| main ()
| {
| return HPI_SubSysCreate ();
|   ;
|   return 0;
| }
configure:15317: result: no
configure:15332: checking sys/soundcard.h usability
configure:15332: gcc -c -g -O2  conftest.c >&5
conftest.c:54:27: fatal error: sys/soundcard.h: No such file or directory
 #include <sys/soundcard.h>
                           ^
compilation terminated.
configure:15332: $? = 1
configure: failed program was:
| /* confdefs.h */
| #define PACKAGE_NAME ""
| #define PACKAGE_TARNAME ""
| #define PACKAGE_VERSION ""
| #define PACKAGE_STRING ""
| #define PACKAGE_BUGREPORT ""
| #define PACKAGE_URL ""
| #define STDC_HEADERS 1
| #define HAVE_SYS_TYPES_H 1
| #define HAVE_SYS_STAT_H 1
| #define HAVE_STDLIB_H 1
| #define HAVE_STRING_H 1
| #define HAVE_MEMORY_H 1
| #define HAVE_STRINGS_H 1
| #define HAVE_INTTYPES_H 1
| #define HAVE_STDINT_H 1
| #define HAVE_UNISTD_H 1
| #define HAVE_DLFCN_H 1
| #define LT_OBJDIR ".libs/"
| /* end confdefs.h.  */
| #include <stdio.h>
| #ifdef HAVE_SYS_TYPES_H
| # include <sys/types.h>
| #endif
| #ifdef HAVE_SYS_STAT_H
| # include <sys/stat.h>
| #endif
| #ifdef STDC_HEADERS
| # include <stdlib.h>
| # include <stddef.h>
| #else
| # ifdef HAVE_STDLIB_H
| #  include <stdlib.h>
| # endif
| #endif
| #ifdef HAVE_STRING_H
| # if !defined STDC_HEADERS && defined HAVE_MEMORY_H
| #  include <memory.h>
| # endif
| # include <string.h>
| #endif
| #ifdef HAVE_STRINGS_H
| # include <strings.h>
| #endif
| #ifdef HAVE_INTTYPES_H
| # include <inttypes.h>
| #endif
| #ifdef HAVE_STDINT_H
| # include <stdint.h>
| #endif
| #ifdef HAVE_UNISTD_H
| # include <unistd.h>
| #endif
| #include <sys/soundcard.h>
configure:15332: result: no
configure:15332: checking sys/soundcard.h presence
configure:15332: gcc -E  conftest.c
conftest.c:21:27: fatal error: sys/soundcard.h: No such file or directory
 #include <sys/soundcard.h>
                           ^
compilation terminated.
configure:15332: $? = 1
configure: failed program was:
| /* confdefs.h */
| #define PACKAGE_NAME ""
| #define PACKAGE_TARNAME ""
| #define PACKAGE_VERSION ""
| #define PACKAGE_STRING ""
| #define PACKAGE_BUGREPORT ""
| #define PACKAGE_URL ""
| #define STDC_HEADERS 1
| #define HAVE_SYS_TYPES_H 1
| #define HAVE_SYS_STAT_H 1
| #define HAVE_STDLIB_H 1
| #define HAVE_STRING_H 1
| #define HAVE_MEMORY_H 1
| #define HAVE_STRINGS_H 1
| #define HAVE_INTTYPES_H 1
| #define HAVE_STDINT_H 1
| #define HAVE_UNISTD_H 1
| #define HAVE_DLFCN_H 1
| #define LT_OBJDIR ".libs/"
| /* end confdefs.h.  */
| #include <sys/soundcard.h>
configure:15332: result: no
configure:15332: checking for sys/soundcard.h
configure:15332: result: no
configure:15332: checking linux/soundcard.h usability
configure:15332: gcc -c -g -O2  conftest.c >&5
conftest.c:54:29: fatal error: linux/soundcard.h: No such file or directory
 #include <linux/soundcard.h>
                             ^
compilation terminated.
configure:15332: $? = 1
configure: failed program was:
| /* confdefs.h */
| #define PACKAGE_NAME ""
| #define PACKAGE_TARNAME ""
| #define PACKAGE_VERSION ""
| #define PACKAGE_STRING ""
| #define PACKAGE_BUGREPORT ""
| #define PACKAGE_URL ""
| #define STDC_HEADERS 1
| #define HAVE_SYS_TYPES_H 1
| #define HAVE_SYS_STAT_H 1
| #define HAVE_STDLIB_H 1
| #define HAVE_STRING_H 1
| #define HAVE_MEMORY_H 1
| #define HAVE_STRINGS_H 1
| #define HAVE_INTTYPES_H 1
| #define HAVE_STDINT_H 1
| #define HAVE_UNISTD_H 1
| #define HAVE_DLFCN_H 1
| #define LT_OBJDIR ".libs/"
| /* end confdefs.h.  */
| #include <stdio.h>
| #ifdef HAVE_SYS_TYPES_H
| # include <sys/types.h>
| #endif
| #ifdef HAVE_SYS_STAT_H
| # include <sys/stat.h>
| #endif
| #ifdef STDC_HEADERS
| # include <stdlib.h>
| # include <stddef.h>
| #else
| # ifdef HAVE_STDLIB_H
| #  include <stdlib.h>
| # endif
| #endif
| #ifdef HAVE_STRING_H
| # if !defined STDC_HEADERS && defined HAVE_MEMORY_H
| #  include <memory.h>
| # endif
| # include <string.h>
| #endif
| #ifdef HAVE_STRINGS_H
| # include <strings.h>
| #endif
| #ifdef HAVE_INTTYPES_H
| # include <inttypes.h>
| #endif
| #ifdef HAVE_STDINT_H
| # include <stdint.h>
| #endif
| #ifdef HAVE_UNISTD_H
| # include <unistd.h>
| #endif
| #include <linux/soundcard.h>
configure:15332: result: no
configure:15332: checking linux/soundcard.h presence
configure:15332: gcc -E  conftest.c
conftest.c:21:29: fatal error: linux/soundcard.h: No such file or directory
 #include <linux/soundcard.h>
                             ^
compilation terminated.
configure:15332: $? = 1
configure: failed program was:
| /* confdefs.h */
| #define PACKAGE_NAME ""
| #define PACKAGE_TARNAME ""
| #define PACKAGE_VERSION ""
| #define PACKAGE_STRING ""
| #define PACKAGE_BUGREPORT ""
| #define PACKAGE_URL ""
| #define STDC_HEADERS 1
| #define HAVE_SYS_TYPES_H 1
| #define HAVE_SYS_STAT_H 1
| #define HAVE_STDLIB_H 1
| #define HAVE_STRING_H 1
| #define HAVE_MEMORY_H 1
| #define HAVE_STRINGS_H 1
| #define HAVE_INTTYPES_H 1
| #define HAVE_STDINT_H 1
| #define HAVE_UNISTD_H 1
| #define HAVE_DLFCN_H 1
| #define LT_OBJDIR ".libs/"
| /* end confdefs.h.  */
| #include <linux/soundcard.h>
configure:15332: result: no
configure:15332: checking for linux/soundcard.h
configure:15332: result: no
configure:15332: checking machine/soundcard.h usability
configure:15332: gcc -c -g -O2  conftest.c >&5
conftest.c:54:31: fatal error: machine/soundcard.h: No such file or directory
 #include <machine/soundcard.h>
                               ^
compilation terminated.
configure:15332: $? = 1
configure: failed program was:
| /* confdefs.h */
| #define PACKAGE_NAME ""
| #define PACKAGE_TARNAME ""
| #define PACKAGE_VERSION ""
| #define PACKAGE_STRING ""
| #define PACKAGE_BUGREPORT ""
| #define PACKAGE_URL ""
| #define STDC_HEADERS 1
| #define HAVE_SYS_TYPES_H 1
| #define HAVE_SYS_STAT_H 1
| #define HAVE_STDLIB_H 1
| #define HAVE_STRING_H 1
| #define HAVE_MEMORY_H 1
| #define HAVE_STRINGS_H 1
| #define HAVE_INTTYPES_H 1
| #define HAVE_STDINT_H 1
| #define HAVE_UNISTD_H 1
| #define HAVE_DLFCN_H 1
| #define LT_OBJDIR ".libs/"
| /* end confdefs.h.  */
| #include <stdio.h>
| #ifdef HAVE_SYS_TYPES_H
| # include <sys/types.h>
| #endif
| #ifdef HAVE_SYS_STAT_H
| # include <sys/stat.h>
| #endif
| #ifdef STDC_HEADERS
| # include <stdlib.h>
| # include <stddef.h>
| #else
| # ifdef HAVE_STDLIB_H
| #  include <stdlib.h>
| # endif
| #endif
| #ifdef HAVE_STRING_H
| # if !defined STDC_HEADERS && defined HAVE_MEMORY_H
| #  include <memory.h>
| # endif
| # include <string.h>
| #endif
| #ifdef HAVE_STRINGS_H
| # include <strings.h>
| #endif
| #ifdef HAVE_INTTYPES_H
| # include <inttypes.h>
| #endif
| #ifdef HAVE_STDINT_H
| # include <stdint.h>
| #endif
| #ifdef HAVE_UNISTD_H
| # include <unistd.h>
| #endif
| #include <machine/soundcard.h>
configure:15332: result: no
configure:15332: checking machine/soundcard.h presence
configure:15332: gcc -E  conftest.c
conftest.c:21:31: fatal error: machine/soundcard.h: No such file or directory
 #include <machine/soundcard.h>
                               ^
compilation terminated.
configure:15332: $? = 1
configure: failed program was:
| /* confdefs.h */
| #define PACKAGE_NAME ""
| #define PACKAGE_TARNAME ""
| #define PACKAGE_VERSION ""
| #define PACKAGE_STRING ""
| #define PACKAGE_BUGREPORT ""
| #define PACKAGE_URL ""
| #define STDC_HEADERS 1
| #define HAVE_SYS_TYPES_H 1
| #define HAVE_SYS_STAT_H 1
| #define HAVE_STDLIB_H 1
| #define HAVE_STRING_H 1
| #define HAVE_MEMORY_H 1
| #define HAVE_STRINGS_H 1
| #define HAVE_INTTYPES_H 1
| #define HAVE_STDINT_H 1
| #define HAVE_UNISTD_H 1
| #define HAVE_DLFCN_H 1
| #define LT_OBJDIR ".libs/"
| /* end confdefs.h.  */
| #include <machine/soundcard.h>
configure:15332: result: no
configure:15332: checking for machine/soundcard.h
configure:15332: result: no
configure:15443: checking for pkg-config
configure:15476: result: no
configure:15511: checking for JACK
configure:15570: result: no
configure:15588: checking size of short
configure:15593: gcc -o conftest.exe -g -O2   conftest.c  >&5
configure:15593: $? = 0
configure:15593: ./conftest.exe
configure:15593: $? = 0
configure:15607: result: 2
configure:15621: checking size of int
configure:15626: gcc -o conftest.exe -g -O2   conftest.c  >&5
configure:15626: $? = 0
configure:15626: ./conftest.exe
configure:15626: $? = 0
configure:15640: result: 4
configure:15654: checking size of long
configure:15659: gcc -o conftest.exe -g -O2   conftest.c  >&5
configure:15659: $? = 0
configure:15659: ./conftest.exe
configure:15659: $? = 0
configure:15673: result: 4
configure:15685: checking for clock_gettime in -lrt
configure:15710: gcc -o conftest.exe -g -O2   conftest.c -lrt   >&5
c:/mingw/bin/../lib/gcc/mingw32/4.8.1/../../../../mingw32/bin/ld.exe: cannot find -lrt
collect2.exe: error: ld returned 1 exit status
configure:15710: $? = 1
configure: failed program was:
| /* confdefs.h */
| #define PACKAGE_NAME ""
| #define PACKAGE_TARNAME ""
| #define PACKAGE_VERSION ""
| #define PACKAGE_STRING ""
| #define PACKAGE_BUGREPORT ""
| #define PACKAGE_URL ""
| #define STDC_HEADERS 1
| #define HAVE_SYS_TYPES_H 1
| #define HAVE_SYS_STAT_H 1
| #define HAVE_STDLIB_H 1
| #define HAVE_STRING_H 1
| #define HAVE_MEMORY_H 1
| #define HAVE_STRINGS_H 1
| #define HAVE_INTTYPES_H 1
| #define HAVE_STDINT_H 1
| #define HAVE_UNISTD_H 1
| #define HAVE_DLFCN_H 1
| #define LT_OBJDIR ".libs/"
| #define SIZEOF_SHORT 2
| #define SIZEOF_INT 4
| #define SIZEOF_LONG 4
| /* end confdefs.h.  */
| 
| /* Override any GCC internal prototype to avoid an error.
|    Use char because int might match the return type of a GCC
|    builtin and then its argument prototype would still apply.  */
| #ifdef __cplusplus
| extern "C"
| #endif
| char clock_gettime ();
| int
| main ()
| {
| return clock_gettime ();
|   ;
|   return 0;
| }
configure:15719: result: no
configure:15730: checking for clock_gettime
configure:15730: gcc -o conftest.exe -g -O2   conftest.c  >&5
C:\Users\Bobby\AppData\Local\Temp\cca5fz41.o: In function `main':
c:\Users\Bobby\OneDrive\Documents\GitHub\CoughCapture\portaudio/conftest.c:58: undefined reference to `clock_gettime'
collect2.exe: error: ld returned 1 exit status
configure:15730: $? = 1
configure: failed program was:
| /* confdefs.h */
| #define PACKAGE_NAME ""
| #define PACKAGE_TARNAME ""
| #define PACKAGE_VERSION ""
| #define PACKAGE_STRING ""
| #define PACKAGE_BUGREPORT ""
| #define PACKAGE_URL ""
| #define STDC_HEADERS 1
| #define HAVE_SYS_TYPES_H 1
| #define HAVE_SYS_STAT_H 1
| #define HAVE_STDLIB_H 1
| #define HAVE_STRING_H 1
| #define HAVE_MEMORY_H 1
| #define HAVE_STRINGS_H 1
| #define HAVE_INTTYPES_H 1
| #define HAVE_STDINT_H 1
| #define HAVE_UNISTD_H 1
| #define HAVE_DLFCN_H 1
| #define LT_OBJDIR ".libs/"
| #define SIZEOF_SHORT 2
| #define SIZEOF_INT 4
| #define SIZEOF_LONG 4
| /* end confdefs.h.  */
| /* Define clock_gettime to an innocuous variant, in case <limits.h> declares clock_gettime.
|    For example, HP-UX 11i <limits.h> declares gettimeofday.  */
| #define clock_gettime innocuous_clock_gettime
| 
| /* System header to define __stub macros and hopefully few prototypes,
|     which can conflict with char clock_gettime (); below.
|     Prefer <limits.h> to <assert.h> if __STDC__ is defined, since
|     <limits.h> exists even on freestanding compilers.  */
| 
| #ifdef __STDC__
| # include <limits.h>
| #else
| # include <assert.h>
| #endif
| 
| #undef clock_gettime
| 
| /* Override any GCC internal prototype to avoid an error.
|    Use char because int might match the return type of a GCC
|    builtin and then its argument prototype would still apply.  */
| #ifdef __cplusplus
| extern "C"
| #endif
| char clock_gettime ();
| /* The GNU C library defines this for functions which it implements
|     to always fail with ENOSYS.  Some functions are actually named
|     something starting with __ and the normal name is an alias.  */
| #if defined __stub_clock_gettime || defined __stub___clock_gettime
| choke me
| #endif
| 
| int
| main ()
| {
| return clock_gettime ();
|   ;
|   return 0;
| }
configure:15730: result: no
configure:15730: checking for nanosleep
configure:15730: gcc -o conftest.exe -g -O2   conftest.c  >&5
configure:15730: $? = 0
configure:15730: result: yes
configure:16370: creating ./config.status

## ---------------------- ##
## Running config.status. ##
## ---------------------- ##

This file was extended by config.status, which was
generated by GNU Autoconf 2.69.  Invocation command line was

  CONFIG_FILES    = 
  CONFIG_HEADERS  = 
  CONFIG_LINKS    = 
  CONFIG_COMMANDS = 
  $ ./config.status 

on Bobby

config.status:1068: creating Makefile
config.status:1068: creating portaudio-2.0.pc
config.status:1234: executing libtool commands
configure:18734: result:
Configuration summary:

  Target ...................... i686-pc-mingw32
  C++ bindings ................ no
  Debug output ................ no
configure:18763: result:
  WMME ........................ yes
  DSound ...................... no
  ASIO ........................ no
  WASAPI ...................... no
  WDMKS ....................... no


## ---------------- ##
## Cache variables. ##
## ---------------- ##

ac_cv_build=i686-pc-mingw32
ac_cv_c_bigendian=no
ac_cv_c_compiler_gnu=yes
ac_cv_env_CCC_set=
ac_cv_env_CCC_value=
ac_cv_env_CC_set=
ac_cv_env_CC_value=
ac_cv_env_CFLAGS_set=
ac_cv_env_CFLAGS_value=
ac_cv_env_CPPFLAGS_set=
ac_cv_env_CPPFLAGS_value=
ac_cv_env_CPP_set=
ac_cv_env_CPP_value=
ac_cv_env_CXXCPP_set=
ac_cv_env_CXXCPP_value=
ac_cv_env_CXXFLAGS_set=
ac_cv_env_CXXFLAGS_value=
ac_cv_env_CXX_set=
ac_cv_env_CXX_value=
ac_cv_env_JACK_CFLAGS_set=
ac_cv_env_JACK_CFLAGS_value=
ac_cv_env_JACK_LIBS_set=
ac_cv_env_JACK_LIBS_value=
ac_cv_env_LDFLAGS_set=
ac_cv_env_LDFLAGS_value=
ac_cv_env_LIBS_set=
ac_cv_env_LIBS_value=
ac_cv_env_PKG_CONFIG_LIBDIR_set=
ac_cv_env_PKG_CONFIG_LIBDIR_value=
ac_cv_env_PKG_CONFIG_PATH_set=
ac_cv_env_PKG_CONFIG_PATH_value=
ac_cv_env_PKG_CONFIG_set=
ac_cv_env_PKG_CONFIG_value=
ac_cv_env_build_alias_set=
ac_cv_env_build_alias_value=
ac_cv_env_host_alias_set=
ac_cv_env_host_alias_value=
ac_cv_env_target_alias_set=
ac_cv_env_target_alias_value=
ac_cv_exeext=.exe
ac_cv_func_clock_gettime=no
ac_cv_func_nanosleep=yes
ac_cv_header_dlfcn_h=yes
ac_cv_header_inttypes_h=yes
ac_cv_header_linux_soundcard_h=no
ac_cv_header_machine_soundcard_h=no
ac_cv_header_memory_h=yes
ac_cv_header_stdc=yes
ac_cv_header_stdint_h=yes
ac_cv_header_stdlib_h=yes
ac_cv_header_string_h=yes
ac_cv_header_strings_h=yes
ac_cv_header_sys_soundcard_h=no
ac_cv_header_sys_stat_h=yes
ac_cv_header_sys_types_h=yes
ac_cv_header_unistd_h=yes
ac_cv_host=i686-pc-mingw32
ac_cv_lib_asound_snd_pcm_open=no
ac_cv_lib_hpi_HPI_SubSysCreate=no
ac_cv_lib_rt_clock_gettime=no
ac_cv_objext=o
ac_cv_path_AR=/c/MinGW/bin/ar
ac_cv_path_EGREP='/bin/grep -E'
ac_cv_path_FGREP='/bin/grep -F'
ac_cv_path_GREP=/bin/grep
ac_cv_path_SED=/bin/sed
ac_cv_path_install='/bin/install -c'
ac_cv_prog_AWK=gawk
ac_cv_prog_CPP='gcc -E'
ac_cv_prog_ac_ct_AR=ar
ac_cv_prog_ac_ct_AS=as
ac_cv_prog_ac_ct_CC=gcc
ac_cv_prog_ac_ct_DLLTOOL=dlltool
ac_cv_prog_ac_ct_OBJDUMP=objdump
ac_cv_prog_ac_ct_RANLIB=ranlib
ac_cv_prog_ac_ct_STRIP=strip
ac_cv_prog_cc_c89=
ac_cv_prog_cc_g=yes
ac_cv_sizeof_int=4
ac_cv_sizeof_long=4
ac_cv_sizeof_short=2
ac_cv_target=i686-pc-mingw32
lt_cv_ar_at_file=@
lt_cv_archive_cmds_need_lc=yes
lt_cv_deplibs_check_method='file_magic ^x86 archive import|^x86 DLL'
lt_cv_file_magic_cmd=func_win32_libid
lt_cv_file_magic_test_file=
lt_cv_ld_reload_flag=-r
lt_cv_nm_interface='BSD nm'
lt_cv_objdir=.libs
lt_cv_path_LD=c:/mingw/mingw32/bin/ld.exe
lt_cv_path_NM=/c/MinGW/bin/nm
lt_cv_path_mainfest_tool=no
lt_cv_prog_compiler_c_o=yes
lt_cv_prog_compiler_pic='-DDLL_EXPORT -DPIC'
lt_cv_prog_compiler_pic_works=yes
lt_cv_prog_compiler_rtti_exceptions=no
lt_cv_prog_compiler_static_works=yes
lt_cv_prog_gnu_ld=yes
lt_cv_sharedlib_from_linklib_cmd=func_cygming_dll_for_implib
lt_cv_sys_global_symbol_pipe='sed -n -e '\''s/^.*[	 ]\([ABCDGIRSTW][ABCDGIRSTW]*\)[	 ][	 ]*_\([_A-Za-z][_A-Za-z0-9]*\)\{0,1\}$/\1 _\2 \2/p'\'' | sed '\''/ __gnu_lto/d'\'''
lt_cv_sys_global_symbol_to_c_name_address='sed -n -e '\''s/^: \([^ ]*\)[ ]*$/  {\"\1\", (void *) 0},/p'\'' -e '\''s/^[ABCDGIRSTW]* \([^ ]*\) \([^ ]*\)$/  {"\2", (void *) \&\2},/p'\'''
lt_cv_sys_global_symbol_to_c_name_address_lib_prefix='sed -n -e '\''s/^: \([^ ]*\)[ ]*$/  {\"\1\", (void *) 0},/p'\'' -e '\''s/^[ABCDGIRSTW]* \([^ ]*\) \(lib[^ ]*\)$/  {"\2", (void *) \&\2},/p'\'' -e '\''s/^[ABCDGIRSTW]* \([^ ]*\) \([^ ]*\)$/  {"lib\2", (void *) \&\2},/p'\'''
lt_cv_sys_global_symbol_to_cdecl='sed -n -e '\''s/^T .* \(.*\)$/extern int \1();/p'\'' -e '\''s/^[ABCDGIRSTW]* .* \(.*\)$/extern char \1;/p'\'''
lt_cv_sys_max_cmd_len=8192
lt_cv_to_host_file_cmd=func_convert_file_msys_to_w32
lt_cv_to_tool_file_cmd=func_convert_file_msys_to_w32

## ----------------- ##
## Output variables. ##
## ----------------- ##

AR='/c/MinGW/bin/ar'
AS='as'
AWK='gawk'
CC='gcc'
CFLAGS='-g -O2 -DPA_LITTLE_ENDIAN -I$(top_srcdir)/include -I$(top_srcdir)/src/common -I$(top_srcdir)/src/os/win -DPA_USE_WMME=0 -DPA_USE_ASIO=0 -DPA_USE_WDMKS=0 -DPA_USE_DS=0 -DPA_USE_WASAPI=0 -UPA_USE_WMME -DPA_USE_WMME=1 -mthreads'
CPP='gcc -E'
CPPFLAGS=''
CXX=''
CXXCPP=''
CXXFLAGS=''
DEFS='-DPACKAGE_NAME=\"\" -DPACKAGE_TARNAME=\"\" -DPACKAGE_VERSION=\"\" -DPACKAGE_STRING=\"\" -DPACKAGE_BUGREPORT=\"\" -DPACKAGE_URL=\"\" -DSTDC_HEADERS=1 -DHAVE_SYS_TYPES_H=1 -DHAVE_SYS_STAT_H=1 -DHAVE_STDLIB_H=1 -DHAVE_STRING_H=1 -DHAVE_MEMORY_H=1 -DHAVE_STRINGS_H=1 -DHAVE_INTTYPES_H=1 -DHAVE_STDINT_H=1 -DHAVE_UNISTD_H=1 -DHAVE_DLFCN_H=1 -DLT_OBJDIR=\".libs/\" -DSIZEOF_SHORT=2 -DSIZEOF_INT=4 -DSIZEOF_LONG=4 -DHAVE_NANOSLEEP=1'
DLLTOOL='dlltool'
DLL_LIBS=' -lwinmm'
DSYMUTIL=''
DUMPBIN=''
ECHO_C=''
ECHO_N='-n'
ECHO_T=''
EGREP='/bin/grep -E'
ENABLE_CXX_FALSE=''
ENABLE_CXX_TRUE='#'
EXEEXT='.exe'
FGREP='/bin/grep -F'
GREP='/bin/grep'
INCLUDES='portaudio.h'
INSTALL_DATA='${INSTALL} -m 644'
INSTALL_PROGRAM='${INSTALL}'
INSTALL_SCRIPT='${INSTALL}'
JACK_CFLAGS=''
JACK_LIBS=''
LD='c:/mingw/mingw32/bin/ld.exe'
LDFLAGS=''
LIBOBJS=''
LIBS=' -lwinmm -lm -lole32 -luuid'
LIBTOOL='$(SHELL) $(top_builddir)/libtool'
LIPO=''
LN_S='cp -pR'
LTLIBOBJS=''
LT_AGE='0'
LT_CURRENT='2'
LT_REVISION='0'
MANIFEST_TOOL=':'
NASM=''
NASMOPT=''
NM='/c/MinGW/bin/nm'
NMEDIT=''
OBJDUMP='objdump'
OBJEXT='o'
OTHER_OBJS=' src/hostapi/wmme/pa_win_wmme.o src/os/win/pa_win_hostapis.o src/os/win/pa_win_util.o src/os/win/pa_win_waveformat.o'
OTOOL64=''
OTOOL=''
PACKAGE_BUGREPORT=''
PACKAGE_NAME=''
PACKAGE_STRING=''
PACKAGE_TARNAME=''
PACKAGE_URL=''
PACKAGE_VERSION=''
PADLL='portaudio.dll'
PATH_SEPARATOR=':'
PKG_CONFIG=''
PKG_CONFIG_LIBDIR=''
PKG_CONFIG_PATH=''
RANLIB='ranlib'
SED='/bin/sed'
SHARED_FLAGS='-shared'
SHELL='/bin/sh'
STRIP='strip'
THREAD_CFLAGS='-mthreads'
WITH_ASIO_FALSE=''
WITH_ASIO_TRUE='@ #'
ac_ct_AR='ar'
ac_ct_CC='gcc'
ac_ct_CXX=''
ac_ct_DUMPBIN=''
bindir='${exec_prefix}/bin'
build='i686-pc-mingw32'
build_alias=''
build_cpu='i686'
build_os='mingw32'
build_vendor='pc'
datadir='${datarootdir}'
datarootdir='${prefix}/share'
docdir='${datarootdir}/doc/${PACKAGE}'
dvidir='${docdir}'
exec_prefix='${prefix}'
host='i686-pc-mingw32'
host_alias=''
host_cpu='i686'
host_os='mingw32'
host_vendor='pc'
htmldir='${docdir}'
includedir='${prefix}/include'
infodir='${datarootdir}/info'
libdir='${exec_prefix}/lib'
libexecdir='${exec_prefix}/libexec'
localedir='${datarootdir}/locale'
localstatedir='${prefix}/var'
mandir='${datarootdir}/man'
oldincludedir='/usr/include'
pdfdir='${docdir}'
prefix='/usr/local'
program_transform_name='s,x,x,'
psdir='${docdir}'
sbindir='${exec_prefix}/sbin'
sharedstatedir='${prefix}/com'
subdirs=''
sysconfdir='${prefix}/etc'
target='i686-pc-mingw32'
target_alias=''
target_cpu='i686'
target_os='mingw32'
target_vendor='pc'

## ----------- ##
## confdefs.h. ##
## ----------- ##

/* confdefs.h */
#define PACKAGE_NAME ""
#define PACKAGE_TARNAME ""
#define PACKAGE_VERSION ""
#define PACKAGE_STRING ""
#define PACKAGE_BUGREPORT ""
#define PACKAGE_URL ""
#define STDC_HEADERS 1
#define HAVE_SYS_TYPES_H 1
#define HAVE_SYS_STAT_H 1
#define HAVE_STDLIB_H 1
#define HAVE_STRING_H 1
#define HAVE_MEMORY_H 1
#define HAVE_STRINGS_H 1
#define HAVE_INTTYPES_H 1
#define HAVE_STDINT_H 1
#define HAVE_UNISTD_H 1
#define HAVE_DLFCN_H 1
#define LT_OBJDIR ".libs/"
#define SIZEOF_SHORT 2
#define SIZEOF_INT 4
#define SIZEOF_LONG 4
#define HAVE_NANOSLEEP 1

configure: exit 0
