This file contains any messages produced by compilers while
running configure, to aid debugging if configure makes a mistake.

It was created by HTK configure 3.4.1, which was
generated by GNU Autoconf 2.61.  Invocation command line was

  $ ./configure 

## --------- ##
## Platform. ##
## --------- ##

hostname = Bobby
uname -m = i686
uname -r = 1.0.18(0.48/3/2)
uname -s = MINGW32_NT-6.2
uname -v = 2012-11-21 22:34

/usr/bin/uname -p = unknown
/bin/uname -X     = unknown

/bin/arch              = unknown
/usr/bin/arch -k       = unknown
/usr/convex/getsysinfo = unknown
/usr/bin/hostinfo      = unknown
/bin/machine           = unknown
/usr/bin/oslevel       = unknown
/bin/universe          = unknown

PATH: .
PATH: /usr/local/bin
PATH: /mingw/bin
PATH: /bin
PATH: /c/Program Files (x86)/NVIDIA Corporation/PhysX/Common
PATH: /c/ProgramData/Oracle/Java/javapath
PATH: /c/Program Files (x86)/Intel/iCLS Client/
PATH: /c/Program Files/Intel/iCLS Client/
PATH: /c/WINDOWS/system32
PATH: /c/WINDOWS
PATH: /c/WINDOWS/System32/Wbem
PATH: /c/WINDOWS/System32/WindowsPowerShell/v1.0/
PATH: /c/Program Files (x86)/Intel/OpenCL SDK/3.0/bin/x86
PATH: /c/Program Files (x86)/Intel/OpenCL SDK/3.0/bin/x64
PATH: /c/Program Files/Intel/Intel(R) Management Engine Components/DAL
PATH: /c/Program Files/Intel/Intel(R) Management Engine Components/IPT
PATH: /c/Program Files (x86)/Intel/Intel(R) Management Engine Components/DAL
PATH: /c/Program Files (x86)/Intel/Intel(R) Management Engine Components/IPT
PATH: /c/Python27
PATH: /c/Program Files/nodejs/
PATH: /c/Program Files (x86)/Git/cmd
PATH: /c/Program Files (x86)/Heroku/bin
PATH: /c/Program Files (x86)/git/cmd
PATH: /c/Go/bin
PATH: /c/HaxeToolkit/haxe/
PATH: /c/HaxeToolkit/neko
PATH: /c/Program Files (x86)/MiKTeX 2.9/miktex/bin/
PATH: /c/Program Files/Intel/WiFi/bin/
PATH: /c/Program Files/Common Files/Intel/WirelessCommon/
PATH: /c/Program Files (x86)/Windows Live/Shared
PATH: /c/Program Files (x86)/scala/bin
PATH: /c/Program Files (x86)/Skype/Phone/
PATH: /c/WINDOWS/system32
PATH: /c/WINDOWS
PATH: /c/WINDOWS/System32/Wbem
PATH: /c/WINDOWS/System32/WindowsPowerShell/v1.0/
PATH: /c/HaxeToolkit/haxe/
PATH: /c/HaxeToolkit/neko
PATH: /c/Program Files/Java/jdk1.8.0_20/bin
PATH: /c/Users/Bobby/AppData/Roaming/npm
PATH: /c/Program Files (x86)/Heroku/ruby-1.9.3/bin
PATH: /c/Users/Bobby/OneDrive/Documents/go/bin
PATH: /c/Users/Bobby/Downloads/android-ndk-r10c
PATH: /c/apache-ant-1.9.4/bin
PATH: /c/Python27/Scripts
PATH: /c/Program Files/Intel/WiFi/bin/
PATH: /c/Program Files/Common Files/Intel/WirelessCommon/
PATH: /c/Program Files (x86)/scala/bin
PATH: /c/Program Files/Rust stable 1.1/bin
PATH: /c/MinGW/bin


## ----------- ##
## Core tests. ##
## ----------- ##

configure:1739: checking whether make sets $(MAKE)
configure:1760: result: yes
configure:1773: checking for gawk
configure:1789: found /bin/gawk
configure:1800: result: gawk
configure:1859: checking for gcc
configure:1875: found /c/MinGW/bin/gcc
configure:1886: result: gcc
configure:2124: checking for C compiler version
configure:2131: gcc --version >&5
gcc.exe (GCC) 4.8.1
Copyright (C) 2013 Free Software Foundation, Inc.
This is free software; see the source for copying conditions.  There is NO
warranty; not even for MERCHANTABILITY or FITNESS FOR A PARTICULAR PURPOSE.

configure:2134: $? = 0
configure:2141: gcc -v >&5
Using built-in specs.
COLLECT_GCC=c:\MinGW\bin\gcc.exe
COLLECT_LTO_WRAPPER=c:/mingw/bin/../libexec/gcc/mingw32/4.8.1/lto-wrapper.exe
Target: mingw32
Configured with: ../gcc-4.8.1/configure --prefix=/mingw --host=mingw32 --build=mingw32 --without-pic --enable-shared --enable-static --with-gnu-ld --enable-lto --enable-libssp --disable-multilib --enable-languages=c,c++,fortran,objc,obj-c++,ada --disable-sjlj-exceptions --with-dwarf2 --disable-win32-registry --enable-libstdcxx-debug --enable-version-specific-runtime-libs --with-gmp=/usr/src/pkg/gmp-5.1.2-1-mingw32-src/bld --with-mpc=/usr/src/pkg/mpc-1.0.1-1-mingw32-src/bld --with-mpfr= --with-system-zlib --with-gnu-as --enable-decimal-float=yes --enable-libgomp --enable-threads --with-libiconv-prefix=/mingw32 --with-libintl-prefix=/mingw --disable-bootstrap LDFLAGS=-s CFLAGS=-D_USE_32BIT_TIME_T
Thread model: win32
gcc version 4.8.1 (GCC) 
configure:2144: $? = 0
configure:2151: gcc -V >&5
gcc.exe: error: unrecognized command line option '-V'
gcc.exe: fatal error: no input files
compilation terminated.
configure:2154: $? = 1
configure:2177: checking for C compiler default output file name
configure:2204: gcc    conftest.c  >&5
configure:2207: $? = 0
configure:2245: result: a.exe
configure:2262: checking whether the C compiler works
configure:2272: ./a.exe
configure:2275: $? = 0
configure:2292: result: yes
configure:2299: checking whether we are cross compiling
configure:2301: result: no
configure:2304: checking for suffix of executables
configure:2311: gcc -o conftest.exe    conftest.c  >&5
configure:2314: $? = 0
configure:2338: result: .exe
configure:2344: checking for suffix of object files
configure:2370: gcc -c   conftest.c >&5
configure:2373: $? = 0
configure:2396: result: o
configure:2400: checking whether we are using the GNU C compiler
configure:2429: gcc -c   conftest.c >&5
configure:2435: $? = 0
configure:2452: result: yes
configure:2457: checking whether gcc accepts -g
configure:2487: gcc -c -g  conftest.c >&5
configure:2493: $? = 0
configure:2592: result: yes
configure:2609: checking for gcc option to accept ISO C89
configure:2683: gcc  -c -g -O2  conftest.c >&5
configure:2689: $? = 0
configure:2712: result: none needed
configure:2774: checking for a BSD-compatible install
configure:2830: result: /bin/install -c
configure:2841: checking whether ln -s works
configure:2848: result: no, using cp -p
configure:2895: checking for ranlib
configure:2911: found /c/MinGW/bin/ranlib
configure:2922: result: ranlib
configure:2951: checking for main in -lX11
configure:2980: gcc -o conftest.exe -g -O2   conftest.c -lX11   >&5
c:/mingw/bin/../lib/gcc/mingw32/4.8.1/../../../../mingw32/bin/ld.exe: cannot find -lX11
collect2.exe: error: ld returned 1 exit status
configure:2986: $? = 1
configure: failed program was:
| /* confdefs.h.  */
| #define PACKAGE_NAME "HTK"
| #define PACKAGE_TARNAME "htk"
| #define PACKAGE_VERSION "3.4.1"
| #define PACKAGE_STRING "HTK 3.4.1"
| #define PACKAGE_BUGREPORT "htk-mgr@eng.cam.ac.uk"
| /* end confdefs.h.  */
| 
| 
| int
| main ()
| {
| return main ();
|   ;
|   return 0;
| }
configure:3004: result: no
configure:3016: checking for main in -lm
configure:3045: gcc -o conftest.exe -g -O2   conftest.c -lm   >&5
configure:3051: $? = 0
configure:3069: result: yes
configure:3088: checking how to run the C preprocessor
configure:3128: gcc -E  conftest.c
configure:3134: $? = 0
configure:3165: gcc -E  conftest.c
conftest.c:9:28: fatal error: ac_nonexistent.h: No such file or directory
 #include <ac_nonexistent.h>
                            ^
compilation terminated.
configure:3171: $? = 1
configure: failed program was:
| /* confdefs.h.  */
| #define PACKAGE_NAME "HTK"
| #define PACKAGE_TARNAME "htk"
| #define PACKAGE_VERSION "3.4.1"
| #define PACKAGE_STRING "HTK 3.4.1"
| #define PACKAGE_BUGREPORT "htk-mgr@eng.cam.ac.uk"
| #define HAVE_LIBM 1
| /* end confdefs.h.  */
| #include <ac_nonexistent.h>
configure:3204: result: gcc -E
configure:3233: gcc -E  conftest.c
configure:3239: $? = 0
configure:3270: gcc -E  conftest.c
conftest.c:9:28: fatal error: ac_nonexistent.h: No such file or directory
 #include <ac_nonexistent.h>
                            ^
compilation terminated.
configure:3276: $? = 1
configure: failed program was:
| /* confdefs.h.  */
| #define PACKAGE_NAME "HTK"
| #define PACKAGE_TARNAME "htk"
| #define PACKAGE_VERSION "3.4.1"
| #define PACKAGE_STRING "HTK 3.4.1"
| #define PACKAGE_BUGREPORT "htk-mgr@eng.cam.ac.uk"
| #define HAVE_LIBM 1
| /* end confdefs.h.  */
| #include <ac_nonexistent.h>
configure:3314: checking for X
configure:3429: gcc -E  conftest.c
conftest.c:9:22: fatal error: X11/Xlib.h: No such file or directory
 #include <X11/Xlib.h>
                      ^
compilation terminated.
configure:3435: $? = 1
configure: failed program was:
| /* confdefs.h.  */
| #define PACKAGE_NAME "HTK"
| #define PACKAGE_TARNAME "htk"
| #define PACKAGE_VERSION "3.4.1"
| #define PACKAGE_STRING "HTK 3.4.1"
| #define PACKAGE_BUGREPORT "htk-mgr@eng.cam.ac.uk"
| #define HAVE_LIBM 1
| /* end confdefs.h.  */
| #include <X11/Xlib.h>
configure:3484: gcc -o conftest.exe -g -O2   conftest.c -lX11 -lm  >&5
conftest.c:9:22: fatal error: X11/Xlib.h: No such file or directory
 #include <X11/Xlib.h>
                      ^
compilation terminated.
configure:3490: $? = 1
configure: failed program was:
| /* confdefs.h.  */
| #define PACKAGE_NAME "HTK"
| #define PACKAGE_TARNAME "htk"
| #define PACKAGE_VERSION "3.4.1"
| #define PACKAGE_STRING "HTK 3.4.1"
| #define PACKAGE_BUGREPORT "htk-mgr@eng.cam.ac.uk"
| #define HAVE_LIBM 1
| /* end confdefs.h.  */
| #include <X11/Xlib.h>
| int
| main ()
| {
| XrmInitialize ()
|   ;
|   return 0;
| }
configure:3538: result: no
configure:3553: checking for grep that handles long lines and -e
configure:3627: result: /bin/grep
configure:3632: checking for egrep
configure:3710: result: /bin/grep -E
configure:3715: checking for ANSI C header files
configure:3745: gcc -c -g -O2  conftest.c >&5
configure:3751: $? = 0
configure:3850: gcc -o conftest.exe -g -O2   conftest.c -lm  >&5
configure:3853: $? = 0
configure:3859: ./conftest.exe
configure:3862: $? = 0
configure:3879: result: yes
configure:3903: checking for sys/types.h
configure:3924: gcc -c -g -O2  conftest.c >&5
configure:3930: $? = 0
configure:3946: result: yes
configure:3903: checking for sys/stat.h
configure:3924: gcc -c -g -O2  conftest.c >&5
configure:3930: $? = 0
configure:3946: result: yes
configure:3903: checking for stdlib.h
configure:3924: gcc -c -g -O2  conftest.c >&5
configure:3930: $? = 0
configure:3946: result: yes
configure:3903: checking for string.h
configure:3924: gcc -c -g -O2  conftest.c >&5
configure:3930: $? = 0
configure:3946: result: yes
configure:3903: checking for memory.h
configure:3924: gcc -c -g -O2  conftest.c >&5
configure:3930: $? = 0
configure:3946: result: yes
configure:3903: checking for strings.h
configure:3924: gcc -c -g -O2  conftest.c >&5
configure:3930: $? = 0
configure:3946: result: yes
configure:3903: checking for inttypes.h
configure:3924: gcc -c -g -O2  conftest.c >&5
configure:3930: $? = 0
configure:3946: result: yes
configure:3903: checking for stdint.h
configure:3924: gcc -c -g -O2  conftest.c >&5
configure:3930: $? = 0
configure:3946: result: yes
configure:3903: checking for unistd.h
configure:3924: gcc -c -g -O2  conftest.c >&5
configure:3930: $? = 0
configure:3946: result: yes
configure:3984: checking errno.h usability
configure:4001: gcc -c -g -O2  conftest.c >&5
configure:4007: $? = 0
configure:4021: result: yes
configure:4025: checking errno.h presence
configure:4040: gcc -E  conftest.c
configure:4046: $? = 0
configure:4060: result: yes
configure:4093: checking for errno.h
configure:4101: result: yes
configure:3984: checking fcntl.h usability
configure:4001: gcc -c -g -O2  conftest.c >&5
configure:4007: $? = 0
configure:4021: result: yes
configure:4025: checking fcntl.h presence
configure:4040: gcc -E  conftest.c
configure:4046: $? = 0
configure:4060: result: yes
configure:4093: checking for fcntl.h
configure:4101: result: yes
configure:3984: checking float.h usability
configure:4001: gcc -c -g -O2  conftest.c >&5
configure:4007: $? = 0
configure:4021: result: yes
configure:4025: checking float.h presence
configure:4040: gcc -E  conftest.c
configure:4046: $? = 0
configure:4060: result: yes
configure:4093: checking for float.h
configure:4101: result: yes
configure:3984: checking limits.h usability
configure:4001: gcc -c -g -O2  conftest.c >&5
configure:4007: $? = 0
configure:4021: result: yes
configure:4025: checking limits.h presence
configure:4040: gcc -E  conftest.c
configure:4046: $? = 0
configure:4060: result: yes
configure:4093: checking for limits.h
configure:4101: result: yes
configure:3984: checking malloc.h usability
configure:4001: gcc -c -g -O2  conftest.c >&5
configure:4007: $? = 0
configure:4021: result: yes
configure:4025: checking malloc.h presence
configure:4040: gcc -E  conftest.c
configure:4046: $? = 0
configure:4060: result: yes
configure:4093: checking for malloc.h
configure:4101: result: yes
configure:3974: checking for memory.h
configure:3980: result: yes
configure:3974: checking for stdlib.h
configure:3980: result: yes
configure:3974: checking for string.h
configure:3980: result: yes
configure:3984: checking sys/ioctl.h usability
configure:4001: gcc -c -g -O2  conftest.c >&5
conftest.c:60:23: fatal error: sys/ioctl.h: No such file or directory
 #include <sys/ioctl.h>
                       ^
compilation terminated.
configure:4007: $? = 1
configure: failed program was:
| /* confdefs.h.  */
| #define PACKAGE_NAME "HTK"
| #define PACKAGE_TARNAME "htk"
| #define PACKAGE_VERSION "3.4.1"
| #define PACKAGE_STRING "HTK 3.4.1"
| #define PACKAGE_BUGREPORT "htk-mgr@eng.cam.ac.uk"
| #define HAVE_LIBM 1
| #define STDC_HEADERS 1
| #define HAVE_SYS_TYPES_H 1
| #define HAVE_SYS_STAT_H 1
| #define HAVE_STDLIB_H 1
| #define HAVE_STRING_H 1
| #define HAVE_MEMORY_H 1
| #define HAVE_STRINGS_H 1
| #define HAVE_INTTYPES_H 1
| #define HAVE_STDINT_H 1
| #define HAVE_UNISTD_H 1
| #define HAVE_ERRNO_H 1
| #define HAVE_FCNTL_H 1
| #define HAVE_FLOAT_H 1
| #define HAVE_LIMITS_H 1
| #define HAVE_MALLOC_H 1
| #define HAVE_MEMORY_H 1
| #define HAVE_STDLIB_H 1
| #define HAVE_STRING_H 1
| /* end confdefs.h.  */
| #include <stdio.h>
| #ifdef HAVE_SYS_TYPES_H
| # include <sys/types.h>
| #endif
| #ifdef HAVE_SYS_STAT_H
| # include <sys/stat.h>
| #endif
| #ifdef STDC_HEADERS
| # include <stdlib.h>
| # include <stddef.h>
| #else
| # ifdef HAVE_STDLIB_H
| #  include <stdlib.h>
| # endif
| #endif
| #ifdef HAVE_STRING_H
| # if !defined STDC_HEADERS && defined HAVE_MEMORY_H
| #  include <memory.h>
| # endif
| # include <string.h>
| #endif
| #ifdef HAVE_STRINGS_H
| # include <strings.h>
| #endif
| #ifdef HAVE_INTTYPES_H
| # include <inttypes.h>
| #endif
| #ifdef HAVE_STDINT_H
| # include <stdint.h>
| #endif
| #ifdef HAVE_UNISTD_H
| # include <unistd.h>
| #endif
| #include <sys/ioctl.h>
configure:4021: result: no
configure:4025: checking sys/ioctl.h presence
configure:4040: gcc -E  conftest.c
conftest.c:27:23: fatal error: sys/ioctl.h: No such file or directory
 #include <sys/ioctl.h>
                       ^
compilation terminated.
configure:4046: $? = 1
configure: failed program was:
| /* confdefs.h.  */
| #define PACKAGE_NAME "HTK"
| #define PACKAGE_TARNAME "htk"
| #define PACKAGE_VERSION "3.4.1"
| #define PACKAGE_STRING "HTK 3.4.1"
| #define PACKAGE_BUGREPORT "htk-mgr@eng.cam.ac.uk"
| #define HAVE_LIBM 1
| #define STDC_HEADERS 1
| #define HAVE_SYS_TYPES_H 1
| #define HAVE_SYS_STAT_H 1
| #define HAVE_STDLIB_H 1
| #define HAVE_STRING_H 1
| #define HAVE_MEMORY_H 1
| #define HAVE_STRINGS_H 1
| #define HAVE_INTTYPES_H 1
| #define HAVE_STDINT_H 1
| #define HAVE_UNISTD_H 1
| #define HAVE_ERRNO_H 1
| #define HAVE_FCNTL_H 1
| #define HAVE_FLOAT_H 1
| #define HAVE_LIMITS_H 1
| #define HAVE_MALLOC_H 1
| #define HAVE_MEMORY_H 1
| #define HAVE_STDLIB_H 1
| #define HAVE_STRING_H 1
| /* end confdefs.h.  */
| #include <sys/ioctl.h>
configure:4060: result: no
configure:4093: checking for sys/ioctl.h
configure:4101: result: no
configure:3984: checking sys/socket.h usability
configure:4001: gcc -c -g -O2  conftest.c >&5
conftest.c:60:24: fatal error: sys/socket.h: No such file or directory
 #include <sys/socket.h>
                        ^
compilation terminated.
configure:4007: $? = 1
configure: failed program was:
| /* confdefs.h.  */
| #define PACKAGE_NAME "HTK"
| #define PACKAGE_TARNAME "htk"
| #define PACKAGE_VERSION "3.4.1"
| #define PACKAGE_STRING "HTK 3.4.1"
| #define PACKAGE_BUGREPORT "htk-mgr@eng.cam.ac.uk"
| #define HAVE_LIBM 1
| #define STDC_HEADERS 1
| #define HAVE_SYS_TYPES_H 1
| #define HAVE_SYS_STAT_H 1
| #define HAVE_STDLIB_H 1
| #define HAVE_STRING_H 1
| #define HAVE_MEMORY_H 1
| #define HAVE_STRINGS_H 1
| #define HAVE_INTTYPES_H 1
| #define HAVE_STDINT_H 1
| #define HAVE_UNISTD_H 1
| #define HAVE_ERRNO_H 1
| #define HAVE_FCNTL_H 1
| #define HAVE_FLOAT_H 1
| #define HAVE_LIMITS_H 1
| #define HAVE_MALLOC_H 1
| #define HAVE_MEMORY_H 1
| #define HAVE_STDLIB_H 1
| #define HAVE_STRING_H 1
| /* end confdefs.h.  */
| #include <stdio.h>
| #ifdef HAVE_SYS_TYPES_H
| # include <sys/types.h>
| #endif
| #ifdef HAVE_SYS_STAT_H
| # include <sys/stat.h>
| #endif
| #ifdef STDC_HEADERS
| # include <stdlib.h>
| # include <stddef.h>
| #else
| # ifdef HAVE_STDLIB_H
| #  include <stdlib.h>
| # endif
| #endif
| #ifdef HAVE_STRING_H
| # if !defined STDC_HEADERS && defined HAVE_MEMORY_H
| #  include <memory.h>
| # endif
| # include <string.h>
| #endif
| #ifdef HAVE_STRINGS_H
| # include <strings.h>
| #endif
| #ifdef HAVE_INTTYPES_H
| # include <inttypes.h>
| #endif
| #ifdef HAVE_STDINT_H
| # include <stdint.h>
| #endif
| #ifdef HAVE_UNISTD_H
| # include <unistd.h>
| #endif
| #include <sys/socket.h>
configure:4021: result: no
configure:4025: checking sys/socket.h presence
configure:4040: gcc -E  conftest.c
conftest.c:27:24: fatal error: sys/socket.h: No such file or directory
 #include <sys/socket.h>
                        ^
compilation terminated.
configure:4046: $? = 1
configure: failed program was:
| /* confdefs.h.  */
| #define PACKAGE_NAME "HTK"
| #define PACKAGE_TARNAME "htk"
| #define PACKAGE_VERSION "3.4.1"
| #define PACKAGE_STRING "HTK 3.4.1"
| #define PACKAGE_BUGREPORT "htk-mgr@eng.cam.ac.uk"
| #define HAVE_LIBM 1
| #define STDC_HEADERS 1
| #define HAVE_SYS_TYPES_H 1
| #define HAVE_SYS_STAT_H 1
| #define HAVE_STDLIB_H 1
| #define HAVE_STRING_H 1
| #define HAVE_MEMORY_H 1
| #define HAVE_STRINGS_H 1
| #define HAVE_INTTYPES_H 1
| #define HAVE_STDINT_H 1
| #define HAVE_UNISTD_H 1
| #define HAVE_ERRNO_H 1
| #define HAVE_FCNTL_H 1
| #define HAVE_FLOAT_H 1
| #define HAVE_LIMITS_H 1
| #define HAVE_MALLOC_H 1
| #define HAVE_MEMORY_H 1
| #define HAVE_STDLIB_H 1
| #define HAVE_STRING_H 1
| /* end confdefs.h.  */
| #include <sys/socket.h>
configure:4060: result: no
configure:4093: checking for sys/socket.h
configure:4101: result: no
configure:3984: checking sys/time.h usability
configure:4001: gcc -c -g -O2  conftest.c >&5
configure:4007: $? = 0
configure:4021: result: yes
configure:4025: checking sys/time.h presence
configure:4040: gcc -E  conftest.c
configure:4046: $? = 0
configure:4060: result: yes
configure:4093: checking for sys/time.h
configure:4101: result: yes
configure:3974: checking for unistd.h
configure:3980: result: yes
configure:4115: checking for an ANSI C-conforming const
configure:4190: gcc -c -g -O2  conftest.c >&5
configure:4196: $? = 0
configure:4211: result: yes
configure:4221: checking for size_t
configure:4251: gcc -c -g -O2  conftest.c >&5
configure:4257: $? = 0
configure:4272: result: yes
configure:4284: checking whether time.h and sys/time.h may both be included
configure:4314: gcc -c -g -O2  conftest.c >&5
configure:4320: $? = 0
configure:4335: result: yes
configure:4345: checking whether struct tm is in sys/time.h or time.h
configure:4375: gcc -c -g -O2  conftest.c >&5
configure:4381: $? = 0
configure:4396: result: time.h
configure:4408: checking whether gcc needs -traditional
conftest.c:30:19: fatal error: sgtty.h: No such file or directory
 #include <sgtty.h>
                   ^
compilation terminated.
conftest.c:30:20: fatal error: termio.h: No such file or directory
 #include <termio.h>
                    ^
compilation terminated.
configure:4450: result: no
configure:4457: checking for working memcmp
configure:4510: gcc -o conftest.exe -g -O2   conftest.c -lm  >&5
configure:4513: $? = 0
configure:4519: ./conftest.exe
configure:4522: $? = 0
configure:4538: result: yes
configure:4552: checking for stdlib.h
configure:4558: result: yes
configure:4692: checking for GNU libc compatible malloc
configure:4726: gcc -o conftest.exe -g -O2   conftest.c -lm  >&5
configure:4729: $? = 0
configure:4735: ./conftest.exe
configure:4738: $? = 0
configure:4754: result: yes
configure:4782: checking for working strtod
configure:4833: gcc -o conftest.exe -g -O2   conftest.c -lm  >&5
configure:4836: $? = 0
configure:4842: ./conftest.exe
configure:4845: $? = 0
configure:4861: result: yes
configure:5025: checking return type of signal handlers
configure:5053: gcc -c -g -O2  conftest.c >&5
conftest.c: In function 'main':
conftest.c:38:1: error: void value not ignored as it ought to be
 return *(signal (0, 0)) (0) == 1;
 ^
configure:5059: $? = 1
configure: failed program was:
| /* confdefs.h.  */
| #define PACKAGE_NAME "HTK"
| #define PACKAGE_TARNAME "htk"
| #define PACKAGE_VERSION "3.4.1"
| #define PACKAGE_STRING "HTK 3.4.1"
| #define PACKAGE_BUGREPORT "htk-mgr@eng.cam.ac.uk"
| #define HAVE_LIBM 1
| #define STDC_HEADERS 1
| #define HAVE_SYS_TYPES_H 1
| #define HAVE_SYS_STAT_H 1
| #define HAVE_STDLIB_H 1
| #define HAVE_STRING_H 1
| #define HAVE_MEMORY_H 1
| #define HAVE_STRINGS_H 1
| #define HAVE_INTTYPES_H 1
| #define HAVE_STDINT_H 1
| #define HAVE_UNISTD_H 1
| #define HAVE_ERRNO_H 1
| #define HAVE_FCNTL_H 1
| #define HAVE_FLOAT_H 1
| #define HAVE_LIMITS_H 1
| #define HAVE_MALLOC_H 1
| #define HAVE_MEMORY_H 1
| #define HAVE_STDLIB_H 1
| #define HAVE_STRING_H 1
| #define HAVE_SYS_TIME_H 1
| #define HAVE_UNISTD_H 1
| #define TIME_WITH_SYS_TIME 1
| #define HAVE_STDLIB_H 1
| #define HAVE_MALLOC 1
| /* end confdefs.h.  */
| #include <sys/types.h>
| #include <signal.h>
| 
| int
| main ()
| {
| return *(signal (0, 0)) (0) == 1;
|   ;
|   return 0;
| }
configure:5074: result: void
configure:5086: checking for vprintf
configure:5142: gcc -o conftest.exe -g -O2   conftest.c -lm  >&5
conftest.c:56:6: warning: conflicting types for built-in function 'vprintf' [enabled by default]
 char vprintf ();
      ^
configure:5148: $? = 0
configure:5166: result: yes
configure:5173: checking for _doprnt
configure:5229: gcc -o conftest.exe -g -O2   conftest.c -lm  >&5
C:\Users\Bobby\AppData\Local\Temp\cccrjN9P.o: In function `main':
c:\Users\Bobby\OneDrive\Documents\GitHub\CoughCapture\htk/conftest.c:68: undefined reference to `_doprnt'
collect2.exe: error: ld returned 1 exit status
configure:5235: $? = 1
configure: failed program was:
| /* confdefs.h.  */
| #define PACKAGE_NAME "HTK"
| #define PACKAGE_TARNAME "htk"
| #define PACKAGE_VERSION "3.4.1"
| #define PACKAGE_STRING "HTK 3.4.1"
| #define PACKAGE_BUGREPORT "htk-mgr@eng.cam.ac.uk"
| #define HAVE_LIBM 1
| #define STDC_HEADERS 1
| #define HAVE_SYS_TYPES_H 1
| #define HAVE_SYS_STAT_H 1
| #define HAVE_STDLIB_H 1
| #define HAVE_STRING_H 1
| #define HAVE_MEMORY_H 1
| #define HAVE_STRINGS_H 1
| #define HAVE_INTTYPES_H 1
| #define HAVE_STDINT_H 1
| #define HAVE_UNISTD_H 1
| #define HAVE_ERRNO_H 1
| #define HAVE_FCNTL_H 1
| #define HAVE_FLOAT_H 1
| #define HAVE_LIMITS_H 1
| #define HAVE_MALLOC_H 1
| #define HAVE_MEMORY_H 1
| #define HAVE_STDLIB_H 1
| #define HAVE_STRING_H 1
| #define HAVE_SYS_TIME_H 1
| #define HAVE_UNISTD_H 1
| #define TIME_WITH_SYS_TIME 1
| #define HAVE_STDLIB_H 1
| #define HAVE_MALLOC 1
| #define RETSIGTYPE void
| #define HAVE_VPRINTF 1
| /* end confdefs.h.  */
| /* Define _doprnt to an innocuous variant, in case <limits.h> declares _doprnt.
|    For example, HP-UX 11i <limits.h> declares gettimeofday.  */
| #define _doprnt innocuous__doprnt
| 
| /* System header to define __stub macros and hopefully few prototypes,
|     which can conflict with char _doprnt (); below.
|     Prefer <limits.h> to <assert.h> if __STDC__ is defined, since
|     <limits.h> exists even on freestanding compilers.  */
| 
| #ifdef __STDC__
| # include <limits.h>
| #else
| # include <assert.h>
| #endif
| 
| #undef _doprnt
| 
| /* Override any GCC internal prototype to avoid an error.
|    Use char because int might match the return type of a GCC
|    builtin and then its argument prototype would still apply.  */
| #ifdef __cplusplus
| extern "C"
| #endif
| char _doprnt ();
| /* The GNU C library defines this for functions which it implements
|     to always fail with ENOSYS.  Some functions are actually named
|     something starting with __ and the normal name is an alias.  */
| #if defined __stub__doprnt || defined __stub____doprnt
| choke me
| #endif
| 
| int
| main ()
| {
| return _doprnt ();
|   ;
|   return 0;
| }
configure:5252: result: no
configure:5283: checking for floor
configure:5339: gcc -o conftest.exe -g -O2   conftest.c -lm  >&5
conftest.c:57:6: warning: conflicting types for built-in function 'floor' [enabled by default]
 char floor ();
      ^
configure:5345: $? = 0
configure:5363: result: yes
configure:5283: checking for gettimeofday
configure:5339: gcc -o conftest.exe -g -O2   conftest.c -lm  >&5
configure:5345: $? = 0
configure:5363: result: yes
configure:5283: checking for memmove
configure:5339: gcc -o conftest.exe -g -O2   conftest.c -lm  >&5
conftest.c:59:6: warning: conflicting types for built-in function 'memmove' [enabled by default]
 char memmove ();
      ^
configure:5345: $? = 0
configure:5363: result: yes
configure:5283: checking for memset
configure:5339: gcc -o conftest.exe -g -O2   conftest.c -lm  >&5
conftest.c:60:6: warning: conflicting types for built-in function 'memset' [enabled by default]
 char memset ();
      ^
configure:5345: $? = 0
configure:5363: result: yes
configure:5283: checking for modf
configure:5339: gcc -o conftest.exe -g -O2   conftest.c -lm  >&5
conftest.c:61:6: warning: conflicting types for built-in function 'modf' [enabled by default]
 char modf ();
      ^
configure:5345: $? = 0
configure:5363: result: yes
configure:5283: checking for pow
configure:5339: gcc -o conftest.exe -g -O2   conftest.c -lm  >&5
conftest.c:62:6: warning: conflicting types for built-in function 'pow' [enabled by default]
 char pow ();
      ^
configure:5345: $? = 0
configure:5363: result: yes
configure:5283: checking for socket
configure:5339: gcc -o conftest.exe -g -O2   conftest.c -lm  >&5
C:\Users\Bobby\AppData\Local\Temp\ccgZB8bZ.o: In function `main':
c:\Users\Bobby\OneDrive\Documents\GitHub\CoughCapture\htk/conftest.c:74: undefined reference to `socket'
collect2.exe: error: ld returned 1 exit status
configure:5345: $? = 1
configure: failed program was:
| /* confdefs.h.  */
| #define PACKAGE_NAME "HTK"
| #define PACKAGE_TARNAME "htk"
| #define PACKAGE_VERSION "3.4.1"
| #define PACKAGE_STRING "HTK 3.4.1"
| #define PACKAGE_BUGREPORT "htk-mgr@eng.cam.ac.uk"
| #define HAVE_LIBM 1
| #define STDC_HEADERS 1
| #define HAVE_SYS_TYPES_H 1
| #define HAVE_SYS_STAT_H 1
| #define HAVE_STDLIB_H 1
| #define HAVE_STRING_H 1
| #define HAVE_MEMORY_H 1
| #define HAVE_STRINGS_H 1
| #define HAVE_INTTYPES_H 1
| #define HAVE_STDINT_H 1
| #define HAVE_UNISTD_H 1
| #define HAVE_ERRNO_H 1
| #define HAVE_FCNTL_H 1
| #define HAVE_FLOAT_H 1
| #define HAVE_LIMITS_H 1
| #define HAVE_MALLOC_H 1
| #define HAVE_MEMORY_H 1
| #define HAVE_STDLIB_H 1
| #define HAVE_STRING_H 1
| #define HAVE_SYS_TIME_H 1
| #define HAVE_UNISTD_H 1
| #define TIME_WITH_SYS_TIME 1
| #define HAVE_STDLIB_H 1
| #define HAVE_MALLOC 1
| #define RETSIGTYPE void
| #define HAVE_VPRINTF 1
| #define HAVE_FLOOR 1
| #define HAVE_GETTIMEOFDAY 1
| #define HAVE_MEMMOVE 1
| #define HAVE_MEMSET 1
| #define HAVE_MODF 1
| #define HAVE_POW 1
| /* end confdefs.h.  */
| /* Define socket to an innocuous variant, in case <limits.h> declares socket.
|    For example, HP-UX 11i <limits.h> declares gettimeofday.  */
| #define socket innocuous_socket
| 
| /* System header to define __stub macros and hopefully few prototypes,
|     which can conflict with char socket (); below.
|     Prefer <limits.h> to <assert.h> if __STDC__ is defined, since
|     <limits.h> exists even on freestanding compilers.  */
| 
| #ifdef __STDC__
| # include <limits.h>
| #else
| # include <assert.h>
| #endif
| 
| #undef socket
| 
| /* Override any GCC internal prototype to avoid an error.
|    Use char because int might match the return type of a GCC
|    builtin and then its argument prototype would still apply.  */
| #ifdef __cplusplus
| extern "C"
| #endif
| char socket ();
| /* The GNU C library defines this for functions which it implements
|     to always fail with ENOSYS.  Some functions are actually named
|     something starting with __ and the normal name is an alias.  */
| #if defined __stub_socket || defined __stub___socket
| choke me
| #endif
| 
| int
| main ()
| {
| return socket ();
|   ;
|   return 0;
| }
configure:5363: result: no
configure:5283: checking for sqrt
configure:5339: gcc -o conftest.exe -g -O2   conftest.c -lm  >&5
conftest.c:63:6: warning: conflicting types for built-in function 'sqrt' [enabled by default]
 char sqrt ();
      ^
configure:5345: $? = 0
configure:5363: result: yes
configure:5283: checking for strchr
configure:5339: gcc -o conftest.exe -g -O2   conftest.c -lm  >&5
conftest.c:64:6: warning: conflicting types for built-in function 'strchr' [enabled by default]
 char strchr ();
      ^
configure:5345: $? = 0
configure:5363: result: yes
configure:5283: checking for strcspn
configure:5339: gcc -o conftest.exe -g -O2   conftest.c -lm  >&5
conftest.c:65:6: warning: conflicting types for built-in function 'strcspn' [enabled by default]
 char strcspn ();
      ^
configure:5345: $? = 0
configure:5363: result: yes
configure:5283: checking for strrchr
configure:5339: gcc -o conftest.exe -g -O2   conftest.c -lm  >&5
conftest.c:66:6: warning: conflicting types for built-in function 'strrchr' [enabled by default]
 char strrchr ();
      ^
configure:5345: $? = 0
configure:5363: result: yes
configure:5283: checking for strspn
configure:5339: gcc -o conftest.exe -g -O2   conftest.c -lm  >&5
conftest.c:67:6: warning: conflicting types for built-in function 'strspn' [enabled by default]
 char strspn ();
      ^
configure:5345: $? = 0
configure:5363: result: yes
configure:5283: checking for strstr
configure:5339: gcc -o conftest.exe -g -O2   conftest.c -lm  >&5
conftest.c:68:6: warning: conflicting types for built-in function 'strstr' [enabled by default]
 char strstr ();
      ^
configure:5345: $? = 0
configure:5363: result: yes
configure:5283: checking for strtol
configure:5339: gcc -o conftest.exe -g -O2   conftest.c -lm  >&5
configure:5345: $? = 0
configure:5363: result: yes
configure:5381: checking build system type
configure:5399: result: i686-pc-mingw32
configure:5421: checking host system type
configure:5436: result: i686-pc-mingw32
configure:5732: creating ./config.status

## ---------------------- ##
## Running config.status. ##
## ---------------------- ##

This file was extended by HTK config.status 3.4.1, which was
generated by GNU Autoconf 2.61.  Invocation command line was

  CONFIG_FILES    = 
  CONFIG_HEADERS  = 
  CONFIG_LINKS    = 
  CONFIG_COMMANDS = 
  $ ./config.status 

on Bobby

config.status:620: creating HTKLib/Makefile
config.status:755: WARNING:  HTKLib/Makefile.in seems to ignore the --datarootdir setting
config.status:620: creating HTKTools/Makefile
config.status:755: WARNING:  HTKTools/Makefile.in seems to ignore the --datarootdir setting
config.status:620: creating HLMLib/Makefile
config.status:755: WARNING:  HLMLib/Makefile.in seems to ignore the --datarootdir setting
config.status:620: creating HLMTools/Makefile
config.status:755: WARNING:  HLMTools/Makefile.in seems to ignore the --datarootdir setting
config.status:620: creating HTKLVRec/Makefile
config.status:755: WARNING:  HTKLVRec/Makefile.in seems to ignore the --datarootdir setting
config.status:620: creating Makefile
config.status:755: WARNING:  Makefile.in seems to ignore the --datarootdir setting

## ---------------- ##
## Cache variables. ##
## ---------------- ##

ac_cv_build=i686-pc-mingw32
ac_cv_c_compiler_gnu=yes
ac_cv_c_const=yes
ac_cv_env_CC_set=
ac_cv_env_CC_value=
ac_cv_env_CFLAGS_set=
ac_cv_env_CFLAGS_value=
ac_cv_env_CPPFLAGS_set=
ac_cv_env_CPPFLAGS_value=
ac_cv_env_CPP_set=
ac_cv_env_CPP_value=
ac_cv_env_LDFLAGS_set=
ac_cv_env_LDFLAGS_value=
ac_cv_env_LIBS_set=
ac_cv_env_LIBS_value=
ac_cv_env_XMKMF_set=
ac_cv_env_XMKMF_value=
ac_cv_env_build_alias_set=
ac_cv_env_build_alias_value=
ac_cv_env_host_alias_set=
ac_cv_env_host_alias_value=
ac_cv_env_target_alias_set=
ac_cv_env_target_alias_value=
ac_cv_exeext=.exe
ac_cv_func__doprnt=no
ac_cv_func_floor=yes
ac_cv_func_gettimeofday=yes
ac_cv_func_malloc_0_nonnull=yes
ac_cv_func_memcmp_working=yes
ac_cv_func_memmove=yes
ac_cv_func_memset=yes
ac_cv_func_modf=yes
ac_cv_func_pow=yes
ac_cv_func_socket=no
ac_cv_func_sqrt=yes
ac_cv_func_strchr=yes
ac_cv_func_strcspn=yes
ac_cv_func_strrchr=yes
ac_cv_func_strspn=yes
ac_cv_func_strstr=yes
ac_cv_func_strtod=yes
ac_cv_func_strtol=yes
ac_cv_func_vprintf=yes
ac_cv_have_x=have_x=no
ac_cv_header_errno_h=yes
ac_cv_header_fcntl_h=yes
ac_cv_header_float_h=yes
ac_cv_header_inttypes_h=yes
ac_cv_header_limits_h=yes
ac_cv_header_malloc_h=yes
ac_cv_header_memory_h=yes
ac_cv_header_stdc=yes
ac_cv_header_stdint_h=yes
ac_cv_header_stdlib_h=yes
ac_cv_header_string_h=yes
ac_cv_header_strings_h=yes
ac_cv_header_sys_ioctl_h=no
ac_cv_header_sys_socket_h=no
ac_cv_header_sys_stat_h=yes
ac_cv_header_sys_time_h=yes
ac_cv_header_sys_types_h=yes
ac_cv_header_time=yes
ac_cv_header_unistd_h=yes
ac_cv_host=i686-pc-mingw32
ac_cv_lib_X11_main=no
ac_cv_lib_m_main=yes
ac_cv_objext=o
ac_cv_path_EGREP='/bin/grep -E'
ac_cv_path_GREP=/bin/grep
ac_cv_path_install='/bin/install -c'
ac_cv_prog_AWK=gawk
ac_cv_prog_CPP='gcc -E'
ac_cv_prog_ac_ct_CC=gcc
ac_cv_prog_ac_ct_RANLIB=ranlib
ac_cv_prog_cc_c89=
ac_cv_prog_cc_g=yes
ac_cv_prog_gcc_traditional=no
ac_cv_prog_make_make_set=yes
ac_cv_struct_tm=time.h
ac_cv_type_signal=void
ac_cv_type_size_t=yes

## ----------------- ##
## Output variables. ##
## ----------------- ##

AWK='gawk'
BINARY_EXTENSION=''
CC='gcc'
CFLAGS='-Wall -Wno-switch -g -O2'
CPP='gcc -E'
CPPFLAGS=''
DEFS='-DHAVE_CONFIG_H'
ECHO_C=''
ECHO_N='-n'
ECHO_T=''
EGREP='/bin/grep -E'
EXEEXT='.exe'
GREP='/bin/grep'
HGRAF='HGraf.o'
HSLAB='HSLab'
INSTALL_DATA='${INSTALL} -m 644'
INSTALL_PROGRAM='${INSTALL}'
INSTALL_SCRIPT='${INSTALL}'
LDFLAGS=''
LIBOBJS=''
LIBS='-lm '
LN_S='cp -p'
LTLIBOBJS=''
OBJEXT='o'
PACKAGE_BUGREPORT='htk-mgr@eng.cam.ac.uk'
PACKAGE_NAME='HTK'
PACKAGE_STRING='HTK 3.4.1'
PACKAGE_TARNAME='htk'
PACKAGE_VERSION='3.4.1'
PATH_SEPARATOR=':'
POW_LIB=''
RANLIB='ranlib'
SET_MAKE=''
SHELL='/bin/sh'
TRADHTK=''
TRADHTKBIN='i686-pc-mingw32'
XMKMF=''
ac_ct_CC='gcc'
bindir='${exec_prefix}/bin'
build='i686-pc-mingw32'
build_alias=''
build_cpu='i686'
build_os='mingw32'
build_vendor='pc'
datadir='${datarootdir}'
datarootdir='${prefix}/share'
docdir='${datarootdir}/doc/${PACKAGE_TARNAME}'
dvidir='${docdir}'
exec_prefix='${prefix}'
host='i686-pc-mingw32'
host_alias=''
host_cpu='i686'
host_os='mingw32'
host_vendor='pc'
htmldir='${docdir}'
includedir='${prefix}/include'
infodir='${datarootdir}/info'
libdir='${exec_prefix}/lib'
libexecdir='${exec_prefix}/libexec'
localedir='${datarootdir}/locale'
localstatedir='${prefix}/var'
make_all='htktools hlmtools'
make_install='install-htktools install-hlmtools'
mandir='${datarootdir}/man'
oldincludedir='/usr/include'
pdfdir='${docdir}'
prefix='/usr/local'
program_transform_name='s,x,x,'
psdir='${docdir}'
sbindir='${exec_prefix}/sbin'
sharedstatedir='${prefix}/com'
sysconfdir='${prefix}/etc'
target_alias=''

## ----------- ##
## confdefs.h. ##
## ----------- ##

#define PACKAGE_NAME "HTK"
#define PACKAGE_TARNAME "htk"
#define PACKAGE_VERSION "3.4.1"
#define PACKAGE_STRING "HTK 3.4.1"
#define PACKAGE_BUGREPORT "htk-mgr@eng.cam.ac.uk"
#define HAVE_LIBM 1
#define STDC_HEADERS 1
#define HAVE_SYS_TYPES_H 1
#define HAVE_SYS_STAT_H 1
#define HAVE_STDLIB_H 1
#define HAVE_STRING_H 1
#define HAVE_MEMORY_H 1
#define HAVE_STRINGS_H 1
#define HAVE_INTTYPES_H 1
#define HAVE_STDINT_H 1
#define HAVE_UNISTD_H 1
#define HAVE_ERRNO_H 1
#define HAVE_FCNTL_H 1
#define HAVE_FLOAT_H 1
#define HAVE_LIMITS_H 1
#define HAVE_MALLOC_H 1
#define HAVE_MEMORY_H 1
#define HAVE_STDLIB_H 1
#define HAVE_STRING_H 1
#define HAVE_SYS_TIME_H 1
#define HAVE_UNISTD_H 1
#define TIME_WITH_SYS_TIME 1
#define HAVE_STDLIB_H 1
#define HAVE_MALLOC 1
#define RETSIGTYPE void
#define HAVE_VPRINTF 1
#define HAVE_FLOOR 1
#define HAVE_GETTIMEOFDAY 1
#define HAVE_MEMMOVE 1
#define HAVE_MEMSET 1
#define HAVE_MODF 1
#define HAVE_POW 1
#define HAVE_SQRT 1
#define HAVE_STRCHR 1
#define HAVE_STRCSPN 1
#define HAVE_STRRCHR 1
#define HAVE_STRSPN 1
#define HAVE_STRSTR 1
#define HAVE_STRTOL 1

configure: exit 0
